{"timestamp":"2026-03-29T22:10:30.332667Z","level":"info","event":"Stats instance was created in PID 7 but accessed in PID 154. Re-initializing.","logger":"airflow.stats","filename":"stats.py","lineno":57}
{"timestamp":"2026-03-29T22:10:30.639616Z","level":"info","event":"DAG bundles loaded: dags-folder, example_dags","logger":"airflow.dag_processing.bundles.manager.DagBundlesManager","filename":"manager.py","lineno":179}
{"timestamp":"2026-03-29T22:10:30.640957Z","level":"info","event":"Filling up the DagBag from /opt/airflow/dags/pipeline.py","logger":"airflow.models.dagbag.BundleDagBag","filename":"dagbag.py","lineno":593}
{"timestamp":"2026-03-29T22:10:30.685278Z","level":"error","event":"Failed to import: /opt/airflow/dags/pipeline.py","logger":"airflow.models.dagbag.BundleDagBag","filename":"dagbag.py","lineno":415,"error_detail":[{"exc_type":"SyntaxError","exc_value":"invalid syntax. Maybe you meant '==' or ':=' instead of '='? (class_extract.py, line 64)","exc_notes":[],"syntax_error":{"offset":17,"filename":"/opt/airflow/src/extract/class_extract.py","line":"                caminho = Path(DIR_FONTE_API) / f\"{nome_csv}.csv\", index=False\n","lineno":64,"msg":"invalid syntax. Maybe you meant '==' or ':=' instead of '='?"},"is_cause":false,"frames":[{"filename":"/home/airflow/.local/lib/python3.12/site-packages/airflow/models/dagbag.py","lineno":405,"name":"parse"},{"filename":"<frozen importlib._bootstrap_external>","lineno":999,"name":"exec_module"},{"filename":"<frozen importlib._bootstrap>","lineno":488,"name":"_call_with_frames_removed"},{"filename":"/opt/airflow/dags/pipeline.py","lineno":5,"name":"<module>"},{"filename":"/opt/airflow/src/extract/pipeline_api_extract.py","lineno":1,"name":"<module>"}],"is_group":false,"exceptions":[]}]}
{"timestamp":"2026-03-29T22:10:30.692010Z","level":"warning","event":"The `airflow.operators.python.PythonOperator` attribute is deprecated. Please use `'airflow.providers.standard.operators.python.PythonOperator'`.","category":"DeprecatedImportWarning","filename":"/opt/airflow/dags/pipeline.py","lineno":2,"logger":"py.warnings"}
{"timestamp":"2026-03-29T22:10:30.692272Z","level":"error","event":"Dag not found during start up","dag_id":"pipeline","bundle":"BundleInfo(name='dags-folder', version=None)","path":"pipeline.py","logger":"task","filename":"task_runner.py","lineno":664}
{"timestamp":"2026-03-29T22:10:30.692700Z","level":"warning","event":"Rescheduling task during startup, marking task as UP_FOR_RESCHEDULE","logger":"task","filename":"task_runner.py","lineno":1685}
{"timestamp":"2026-03-29T22:13:24.282305Z","level":"info","event":"Stats instance was created in PID 7 but accessed in PID 198. Re-initializing.","logger":"airflow.stats","filename":"stats.py","lineno":57}
{"timestamp":"2026-03-29T22:13:24.638696Z","level":"info","event":"DAG bundles loaded: dags-folder, example_dags","logger":"airflow.dag_processing.bundles.manager.DagBundlesManager","filename":"manager.py","lineno":179}
{"timestamp":"2026-03-29T22:13:24.640477Z","level":"info","event":"Filling up the DagBag from /opt/airflow/dags/pipeline.py","logger":"airflow.models.dagbag.BundleDagBag","filename":"dagbag.py","lineno":593}
{"timestamp":"2026-03-29T22:13:24.688625Z","level":"warning","event":"The `airflow.operators.python.PythonOperator` attribute is deprecated. Please use `'airflow.providers.standard.operators.python.PythonOperator'`.","category":"DeprecatedImportWarning","filename":"/opt/airflow/dags/pipeline.py","lineno":2,"logger":"py.warnings"}
{"timestamp":"2026-03-29T22:13:24.710156Z","level":"info","event":"Task instance is in running state","logger":"task.stdout"}
{"timestamp":"2026-03-29T22:13:24.710521Z","level":"info","event":" Previous state of the Task instance: TaskInstanceState.QUEUED","logger":"task.stdout"}
{"timestamp":"2026-03-29T22:13:24.710875Z","level":"info","event":"Current task name:extract_api","logger":"task.stdout"}
{"timestamp":"2026-03-29T22:13:24.711131Z","level":"info","event":"Dag name:pipeline","logger":"task.stdout"}
{"timestamp":"2026-03-29T22:13:24.720588Z","level":"info","event":"Iniciando requisicao, URL ---> https://fakestoreapi.com/products","logger":"requisicao_api.log","filename":"class_extract.py","lineno":37}
{"timestamp":"2026-03-29T22:13:25.656100Z","level":"info","event":"Iniciando conversao da https://fakestoreapi.com/products ---> teste.csv","logger":"extract_api_and_save_to_csv.log","filename":"class_extract.py","lineno":82}
{"timestamp":"2026-03-29T22:13:25.659902Z","level":"error","event":"Ao converter JSON para teste.csv --> /opt/airflow/data/fonte_dados/dados_api/teste.csv","logger":"extract_json_and_save_to_csv.log","filename":"class_extract.py","lineno":67}
{"timestamp":"2026-03-29T22:13:25.660627Z","level":"info","event":"Concluida conversao da https://fakestoreapi.com/products ---> teste.csv","logger":"extract_api_and_save_to_csv.log","filename":"class_extract.py","lineno":89}
{"timestamp":"2026-03-29T22:13:25.660795Z","level":"info","event":"Done. Returned value was: None","logger":"airflow.task.operators.airflow.providers.standard.operators.python.PythonOperator","filename":"python.py","lineno":230}
{"timestamp":"2026-03-29T22:13:25.677102Z","level":"info","event":"Task instance in success state","logger":"task.stdout"}
{"timestamp":"2026-03-29T22:13:25.677451Z","level":"info","event":" Previous state of the Task instance: TaskInstanceState.RUNNING","logger":"task.stdout"}
{"timestamp":"2026-03-29T22:13:25.677791Z","level":"info","event":"Task operator:<Task(PythonOperator): extract_api>","logger":"task.stdout"}
